2025-03-23 17:42:46,592 - root - INFO - Logging setup complete
2025-03-23 17:42:46,592 - src.api.upbit_api - INFO - Upbit API client initialized
2025-03-23 17:42:46,592 - src.risk_management.risk_manager - INFO - Risk Manager initialized - 전액 거래 모드 활성화
2025-03-23 17:42:46,592 - src.trading_engine - INFO - Trading Engine initialized with markets: ['KRW-BTC']
2025-03-23 17:42:46,592 - src.strategies.base_strategy - INFO - Initialized SMAStrategy for KRW-BTC
2025-03-23 17:42:46,592 - src.strategies.sma_strategy - INFO - SMA Strategy initialized with windows 5/20
2025-03-23 17:42:46,592 - src.trading_engine - INFO - Initialized SMAStrategy for KRW-BTC
2025-03-23 17:42:46,592 - src.strategies.base_strategy - INFO - Initialized RSIStrategy for KRW-BTC
2025-03-23 17:42:46,592 - src.strategies.rsi_strategy - INFO - RSI Strategy initialized with period=14, overbought=70, oversold=30
2025-03-23 17:42:46,592 - src.trading_engine - INFO - Initialized RSIStrategy for KRW-BTC
2025-03-23 17:42:46,592 - src.strategies.base_strategy - INFO - Initialized BollingerStrategy for KRW-BTC
2025-03-23 17:42:46,592 - src.strategies.bollinger_strategy - INFO - Bollinger Bands Strategy initialized with period=20, std_dev=2.0
2025-03-23 17:42:46,592 - src.trading_engine - INFO - Initialized BollingerStrategy for KRW-BTC
2025-03-23 17:42:46,593 - src.trading_engine - INFO - Trading engine started with interval: 5 minutes
2025-03-23 17:42:46,593 - src.trading_engine - INFO - Starting trading engine
2025-03-23 17:42:46,593 - src.trading_engine - INFO - Running trading iteration at 2025-03-23 17:42:46.593244
2025-03-23 17:42:46,593 - root - INFO - Trading engine started
2025-03-23 17:42:46,593 - src.trading_engine - INFO - Processing market: KRW-BTC
2025-03-23 17:42:46,593 - src.dashboard.app - INFO - Dashboard 데이터 초기화 완료
2025-03-23 17:42:46,593 - root - ERROR - Error in main: app.run_server has been replaced by app.run
Traceback (most recent call last):
  File "/Users/yubs/Project/upbit.dashboard/src/main.py", line 104, in main
    run_dashboard()
  File "/Users/yubs/Project/upbit.dashboard/src/dashboard/app.py", line 667, in run_dashboard
    app.run_server(
    ^^^^^^^^^^^^^^
  File "/Users/yubs/Project/upbit.dashboard/venv/lib/python3.11/site-packages/dash/_obsolete.py", line 22, in __getattr__
    raise err.exc(err.message)
dash.exceptions.ObsoleteAttributeException: app.run_server has been replaced by app.run
2025-03-23 17:42:46,594 - src.trading_engine - INFO - Stopping trading engine
2025-03-23 17:42:56,598 - src.trading_engine - INFO - Trading engine stopped
2025-03-23 17:42:56,599 - root - INFO - Trading engine stopped
2025-03-23 17:42:56,599 - root - INFO - Application shutdown complete
