2025-03-23 17:43:20,587 - root - INFO - Logging setup complete
2025-03-23 17:43:20,587 - src.api.upbit_api - INFO - Upbit API client initialized
2025-03-23 17:43:20,587 - src.risk_management.risk_manager - INFO - Risk Manager initialized - 전액 거래 모드 활성화
2025-03-23 17:43:20,587 - src.trading_engine - INFO - Trading Engine initialized with markets: ['KRW-BTC']
2025-03-23 17:43:20,587 - src.strategies.base_strategy - INFO - Initialized SMAStrategy for KRW-BTC
2025-03-23 17:43:20,588 - src.strategies.sma_strategy - INFO - SMA Strategy initialized with windows 5/20
2025-03-23 17:43:20,588 - src.trading_engine - INFO - Initialized SMAStrategy for KRW-BTC
2025-03-23 17:43:20,588 - src.strategies.base_strategy - INFO - Initialized RSIStrategy for KRW-BTC
2025-03-23 17:43:20,588 - src.strategies.rsi_strategy - INFO - RSI Strategy initialized with period=14, overbought=70, oversold=30
2025-03-23 17:43:20,588 - src.trading_engine - INFO - Initialized RSIStrategy for KRW-BTC
2025-03-23 17:43:20,588 - src.strategies.base_strategy - INFO - Initialized BollingerStrategy for KRW-BTC
2025-03-23 17:43:20,588 - src.strategies.bollinger_strategy - INFO - Bollinger Bands Strategy initialized with period=20, std_dev=2.0
2025-03-23 17:43:20,588 - src.trading_engine - INFO - Initialized BollingerStrategy for KRW-BTC
2025-03-23 17:43:20,588 - src.trading_engine - INFO - Trading engine started with interval: 5 minutes
2025-03-23 17:43:20,588 - src.trading_engine - INFO - Starting trading engine
2025-03-23 17:43:20,588 - src.trading_engine - INFO - Running trading iteration at 2025-03-23 17:43:20.588613
2025-03-23 17:43:20,588 - src.trading_engine - INFO - Processing market: KRW-BTC
2025-03-23 17:43:20,588 - root - INFO - Trading engine started
2025-03-23 17:43:20,588 - src.dashboard.app - INFO - Dashboard 데이터 초기화 완료
2025-03-23 17:43:20,589 - dash.dash - INFO - Dash is running on http://0.0.0.0:8050/

2025-03-23 17:43:20,593 - werkzeug - INFO - [31m[1mWARNING: This is a development server. Do not use it in a production deployment. Use a production WSGI server instead.[0m
 * Running on all addresses (0.0.0.0)
 * Running on http://127.0.0.1:8050
 * Running on http://192.168.0.81:8050
2025-03-23 17:43:20,593 - werkzeug - INFO - [33mPress CTRL+C to quit[0m
2025-03-23 17:43:44,785 - src.dashboard.app - ERROR - Exception on / [GET]
Traceback (most recent call last):
  File "/Users/yubs/Project/upbit.dashboard/venv/lib/python3.11/site-packages/flask/app.py", line 2529, in wsgi_app
    response = self.full_dispatch_request()
               ^^^^^^^^^^^^^^^^^^^^^^^^^^^^
  File "/Users/yubs/Project/upbit.dashboard/venv/lib/python3.11/site-packages/flask/app.py", line 1825, in full_dispatch_request
    rv = self.handle_user_exception(e)
         ^^^^^^^^^^^^^^^^^^^^^^^^^^^^^
  File "/Users/yubs/Project/upbit.dashboard/venv/lib/python3.11/site-packages/flask/app.py", line 1821, in full_dispatch_request
    rv = self.preprocess_request()
         ^^^^^^^^^^^^^^^^^^^^^^^^^
  File "/Users/yubs/Project/upbit.dashboard/venv/lib/python3.11/site-packages/flask/app.py", line 2313, in preprocess_request
    rv = self.ensure_sync(before_func)()
         ^^^^^^^^^^^^^^^^^^^^^^^^^^^^^^^
  File "/Users/yubs/Project/upbit.dashboard/venv/lib/python3.11/site-packages/dash/dash.py", line 1440, in _setup_server
    _validate.validate_layout(self.layout, self._layout_value())
  File "/Users/yubs/Project/upbit.dashboard/venv/lib/python3.11/site-packages/dash/_validate.py", line 455, in validate_layout
    _validate(layout_value)
  File "/Users/yubs/Project/upbit.dashboard/venv/lib/python3.11/site-packages/dash/_validate.py", line 442, in _validate
    _validate_id(component)
  File "/Users/yubs/Project/upbit.dashboard/venv/lib/python3.11/site-packages/dash/_validate.py", line 432, in _validate_id
    raise exceptions.DuplicateIdError(
dash.exceptions.DuplicateIdError: Duplicate component id found in the initial layout: `market-dropdown`
2025-03-23 17:43:44,788 - werkzeug - INFO - 127.0.0.1 - - [23/Mar/2025 17:43:44] "[35m[1mGET / HTTP/1.1[0m" 500 -
2025-03-23 17:43:45,382 - werkzeug - INFO - 127.0.0.1 - - [23/Mar/2025 17:43:45] "GET /favicon.ico HTTP/1.1" 200 -
2025-03-23 17:43:51,940 - src.trading_engine - INFO - Stopping trading engine
